  lightDemo.cpp
C:\Users\nunoe\Downloads\g01-assignment2\AVTProject\Rover.h(2,13): warning C4099: 'MyMesh': type name first seen using 'struct' now seen using 'class'
C:\Users\nunoe\Downloads\g01-assignment2\AVTProject\geometry.h(19): message : see declaration of 'MyMesh'
C:\Users\nunoe\Downloads\g01-assignment2\AVTProject\RandomRoller.h(4,13): warning C4099: 'MyMesh': type name first seen using 'struct' now seen using 'class'
C:\Users\nunoe\Downloads\g01-assignment2\AVTProject\Rover.h(2): message : see declaration of 'MyMesh'
C:\Users\nunoe\Downloads\g01-assignment2\AVTProject\lightDemo.cpp(329,22): warning C4244: '=': conversion from 'double' to 'float', possible loss of data
C:\Users\nunoe\Downloads\g01-assignment2\AVTProject\lightDemo.cpp(356,21): warning C4244: '=': conversion from 'double' to 'GLfloat', possible loss of data
C:\Users\nunoe\Downloads\g01-assignment2\AVTProject\lightDemo.cpp(357,17): warning C4244: '=': conversion from 'double' to 'GLfloat', possible loss of data
C:\Users\nunoe\Downloads\g01-assignment2\AVTProject\lightDemo.cpp(358,25): warning C4244: '=': conversion from 'double' to 'GLfloat', possible loss of data
C:\Users\nunoe\Downloads\g01-assignment2\AVTProject\lightDemo.cpp(389,11): warning C4305: '=': truncation from 'double' to 'float'
C:\Users\nunoe\Downloads\g01-assignment2\AVTProject\lightDemo.cpp(423,40): warning C4244: 'argument': conversion from 'double' to 'float', possible loss of data
C:\Users\nunoe\Downloads\g01-assignment2\AVTProject\lightDemo.cpp(423,23): warning C4244: 'argument': conversion from 'double' to 'float', possible loss of data
C:\Users\nunoe\Downloads\g01-assignment2\AVTProject\lightDemo.cpp(425,15): warning C4244: '=': conversion from 'double' to 'float', possible loss of data
C:\Users\nunoe\Downloads\g01-assignment2\AVTProject\lightDemo.cpp(427,15): warning C4244: '=': conversion from 'double' to 'float', possible loss of data
C:\Users\nunoe\Downloads\g01-assignment2\AVTProject\lightDemo.cpp(581,21): warning C4244: '=': conversion from 'double' to 'float', possible loss of data
C:\Users\nunoe\Downloads\g01-assignment2\AVTProject\lightDemo.cpp(582,18): warning C4244: '=': conversion from 'double' to 'float', possible loss of data
C:\Users\nunoe\Downloads\g01-assignment2\AVTProject\lightDemo.cpp(584,37): warning C4244: '=': conversion from 'int' to 'float', possible loss of data
C:\Users\nunoe\Downloads\g01-assignment2\AVTProject\lightDemo.cpp(585,35): warning C4244: '=': conversion from 'int' to 'float', possible loss of data
C:\Users\nunoe\Downloads\g01-assignment2\AVTProject\lightDemo.cpp(609,12): warning C4244: '=': conversion from 'float' to 'int', possible loss of data
C:\Users\nunoe\Downloads\g01-assignment2\AVTProject\lightDemo.cpp(562,21): warning C4101: 'alpha': unreferenced local variable
C:\Users\nunoe\Downloads\g01-assignment2\AVTProject\lightDemo.cpp(667,104): warning C4244: 'argument': conversion from 'int' to 'float', possible loss of data
C:\Users\nunoe\Downloads\g01-assignment2\AVTProject\lightDemo.cpp(667,71): warning C4244: 'argument': conversion from 'int' to 'float', possible loss of data
C:\Users\nunoe\Downloads\g01-assignment2\AVTProject\lightDemo.cpp(667,54): warning C4244: 'argument': conversion from 'int' to 'float', possible loss of data
C:\Users\nunoe\Downloads\g01-assignment2\AVTProject\lightDemo.cpp(667,21): warning C4244: 'argument': conversion from 'int' to 'float', possible loss of data
C:\Users\nunoe\Downloads\g01-assignment2\AVTProject\lightDemo.cpp(843,8): warning C4101: 'res': unreferenced local variable
C:\Users\nunoe\Downloads\g01-assignment2\AVTProject\lightDemo.cpp(981,31): warning C4018: '<': signed/unsigned mismatch
C:\Users\nunoe\Downloads\g01-assignment2\AVTProject\lightDemo.cpp(1216,22): warning C4244: 'argument': conversion from 'double' to 'float', possible loss of data
C:\Users\nunoe\Downloads\g01-assignment2\AVTProject\lightDemo.cpp(1215,38): warning C4244: 'argument': conversion from 'double' to 'float', possible loss of data
C:\Users\nunoe\Downloads\g01-assignment2\AVTProject\lightDemo.cpp(1219,22): warning C4244: 'argument': conversion from 'double' to 'float', possible loss of data
C:\Users\nunoe\Downloads\g01-assignment2\AVTProject\lightDemo.cpp(1218,27): warning C4244: 'argument': conversion from 'double' to 'float', possible loss of data
C:\Users\nunoe\Downloads\g01-assignment2\AVTProject\lightDemo.cpp(1468,29): warning C4267: 'initializing': conversion from 'size_t' to 'int', possible loss of data
C:\Users\nunoe\Downloads\g01-assignment2\AVTProject\lightDemo.cpp(1473,103): warning C4244: 'argument': conversion from 'int' to 'float', possible loss of data
C:\Users\nunoe\Downloads\g01-assignment2\AVTProject\lightDemo.cpp(1473,70): warning C4244: 'argument': conversion from 'int' to 'float', possible loss of data
C:\Users\nunoe\Downloads\g01-assignment2\AVTProject\lightDemo.cpp(1473,53): warning C4244: 'argument': conversion from 'int' to 'float', possible loss of data
C:\Users\nunoe\Downloads\g01-assignment2\AVTProject\lightDemo.cpp(1473,20): warning C4244: 'argument': conversion from 'int' to 'float', possible loss of data
C:\Users\nunoe\Downloads\g01-assignment2\AVTProject\lightDemo.cpp(1474,123): warning C4305: 'argument': truncation from 'double' to 'float'
C:\Users\nunoe\Downloads\g01-assignment2\AVTProject\lightDemo.cpp(1474,96): warning C4244: 'argument': conversion from 'int' to 'float', possible loss of data
C:\Users\nunoe\Downloads\g01-assignment2\AVTProject\lightDemo.cpp(1474,76): warning C4244: 'argument': conversion from 'int' to 'float', possible loss of data
C:\Users\nunoe\Downloads\g01-assignment2\AVTProject\lightDemo.cpp(1475,90): warning C4305: 'argument': truncation from 'double' to 'float'
C:\Users\nunoe\Downloads\g01-assignment2\AVTProject\lightDemo.cpp(1475,63): warning C4244: 'argument': conversion from 'int' to 'float', possible loss of data
C:\Users\nunoe\Downloads\g01-assignment2\AVTProject\lightDemo.cpp(1475,42): warning C4244: 'argument': conversion from 'int' to 'float', possible loss of data
C:\Users\nunoe\Downloads\g01-assignment2\AVTProject\lightDemo.cpp(1488,104): warning C4244: 'argument': conversion from 'int' to 'float', possible loss of data
C:\Users\nunoe\Downloads\g01-assignment2\AVTProject\lightDemo.cpp(1488,71): warning C4244: 'argument': conversion from 'int' to 'float', possible loss of data
C:\Users\nunoe\Downloads\g01-assignment2\AVTProject\lightDemo.cpp(1488,54): warning C4244: 'argument': conversion from 'int' to 'float', possible loss of data
C:\Users\nunoe\Downloads\g01-assignment2\AVTProject\lightDemo.cpp(1488,21): warning C4244: 'argument': conversion from 'int' to 'float', possible loss of data
C:\Users\nunoe\Downloads\g01-assignment2\AVTProject\lightDemo.cpp(1489,98): warning C4305: 'argument': truncation from 'double' to 'float'
C:\Users\nunoe\Downloads\g01-assignment2\AVTProject\lightDemo.cpp(1489,72): warning C4244: 'argument': conversion from 'int' to 'float', possible loss of data
C:\Users\nunoe\Downloads\g01-assignment2\AVTProject\lightDemo.cpp(1489,53): warning C4244: 'argument': conversion from 'int' to 'float', possible loss of data
C:\Users\nunoe\Downloads\g01-assignment2\AVTProject\lightDemo.cpp(1501,104): warning C4244: 'argument': conversion from 'int' to 'float', possible loss of data
C:\Users\nunoe\Downloads\g01-assignment2\AVTProject\lightDemo.cpp(1501,71): warning C4244: 'argument': conversion from 'int' to 'float', possible loss of data
C:\Users\nunoe\Downloads\g01-assignment2\AVTProject\lightDemo.cpp(1501,54): warning C4244: 'argument': conversion from 'int' to 'float', possible loss of data
C:\Users\nunoe\Downloads\g01-assignment2\AVTProject\lightDemo.cpp(1501,21): warning C4244: 'argument': conversion from 'int' to 'float', possible loss of data
C:\Users\nunoe\Downloads\g01-assignment2\AVTProject\lightDemo.cpp(1502,103): warning C4305: 'argument': truncation from 'double' to 'float'
C:\Users\nunoe\Downloads\g01-assignment2\AVTProject\lightDemo.cpp(1502,77): warning C4244: 'argument': conversion from 'int' to 'float', possible loss of data
C:\Users\nunoe\Downloads\g01-assignment2\AVTProject\lightDemo.cpp(1502,58): warning C4244: 'argument': conversion from 'int' to 'float', possible loss of data
C:\Users\nunoe\Downloads\g01-assignment2\AVTProject\lightDemo.cpp(1503,127): warning C4305: 'argument': truncation from 'double' to 'float'
C:\Users\nunoe\Downloads\g01-assignment2\AVTProject\lightDemo.cpp(1503,100): warning C4244: 'argument': conversion from 'int' to 'float', possible loss of data
C:\Users\nunoe\Downloads\g01-assignment2\AVTProject\lightDemo.cpp(1503,77): warning C4244: 'argument': conversion from 'int' to 'float', possible loss of data
C:\Users\nunoe\Downloads\g01-assignment2\AVTProject\lightDemo.cpp(1945,39): warning C4305: 'initializing': truncation from 'double' to 'float'
C:\Users\nunoe\Downloads\g01-assignment2\AVTProject\lightDemo.cpp(2348,12): warning C4244: 'argument': conversion from 'time_t' to 'unsigned int', possible loss of data
  AVTProject.vcxproj -> C:\Users\nunoe\Downloads\g01-assignment2\x64\Debug\AVTProject.exe
  0 File(s) copied
